{"level":30,"time":1724682787849,"pid":28218,"hostname":"catdeMacBook-Pro.local","name":"logname","msg":"启动服务"}
{"level":30,"time":1724682801628,"pid":28218,"hostname":"catdeMacBook-Pro.local","name":"logname","method":"get","originalUrl":"/apps","params":{}}
{"level":30,"time":1724683035295,"pid":28218,"hostname":"catdeMacBook-Pro.local","name":"logname","method":"get","originalUrl":"/apps","params":{}}
{"level":30,"time":1724683182500,"pid":28218,"hostname":"catdeMacBook-Pro.local","name":"logname","method":"get","originalUrl":"/apps","params":{}}
{"level":30,"time":1724683184474,"pid":28218,"hostname":"catdeMacBook-Pro.local","name":"logname","method":"get","originalUrl":"/apps","params":{}}
{"level":30,"time":1724683589988,"pid":28218,"hostname":"catdeMacBook-Pro.local","name":"logname","method":"get","originalUrl":"/apps","params":{}}
{"level":30,"time":1724683654104,"pid":28218,"hostname":"catdeMacBook-Pro.local","name":"logname","method":"delete","originalUrl":"/pages?ulid=01J65YPB562N1199J03AEGGYMY","ulid":"01J65YPB562N1199J03AEGGYMY"}
{"level":30,"time":1724683655124,"pid":28218,"hostname":"catdeMacBook-Pro.local","name":"logname","method":"delete","originalUrl":"/pages?ulid=01J65YXR8MWVC8J8EMHM9J4372","ulid":"01J65YXR8MWVC8J8EMHM9J4372"}
{"level":30,"time":1724683659356,"pid":28218,"hostname":"catdeMacBook-Pro.local","name":"logname","method":"get","originalUrl":"/apps","params":{}}
{"level":30,"time":1724683659357,"pid":28218,"hostname":"catdeMacBook-Pro.local","name":"logname","method":"get","originalUrl":"/apps","params":{}}
{"level":30,"time":1724683669060,"pid":28218,"hostname":"catdeMacBook-Pro.local","name":"logname","method":"get","originalUrl":"/apps","params":{}}
{"level":30,"time":1724683669075,"pid":28218,"hostname":"catdeMacBook-Pro.local","name":"logname","method":"get","originalUrl":"/apps","params":{}}
{"level":30,"time":1724683690045,"pid":28218,"hostname":"catdeMacBook-Pro.local","name":"logname","method":"get","originalUrl":"/apps","params":{}}
{"level":30,"time":1724683690053,"pid":28218,"hostname":"catdeMacBook-Pro.local","name":"logname","method":"get","originalUrl":"/apps","params":{}}
{"level":30,"time":1724683822070,"pid":28218,"hostname":"catdeMacBook-Pro.local","name":"logname","method":"get","originalUrl":"/apps","params":{}}
{"level":30,"time":1724683822078,"pid":28218,"hostname":"catdeMacBook-Pro.local","name":"logname","method":"get","originalUrl":"/apps","params":{}}
{"level":30,"time":1724683874683,"pid":28218,"hostname":"catdeMacBook-Pro.local","name":"logname","method":"get","originalUrl":"/apps","params":{}}
{"level":30,"time":1724683874690,"pid":28218,"hostname":"catdeMacBook-Pro.local","name":"logname","method":"get","originalUrl":"/apps","params":{}}
{"level":30,"time":1724684075996,"pid":28218,"hostname":"catdeMacBook-Pro.local","name":"logname","method":"get","originalUrl":"/apps","params":{}}
{"level":30,"time":1724684076014,"pid":28218,"hostname":"catdeMacBook-Pro.local","name":"logname","method":"get","originalUrl":"/apps","params":{}}
{"level":30,"time":1724684284600,"pid":28218,"hostname":"catdeMacBook-Pro.local","name":"logname","method":"get","originalUrl":"/apps","params":{}}
{"level":30,"time":1724684284613,"pid":28218,"hostname":"catdeMacBook-Pro.local","name":"logname","method":"get","originalUrl":"/apps","params":{}}
{"level":30,"time":1724684320872,"pid":28218,"hostname":"catdeMacBook-Pro.local","name":"logname","method":"get","originalUrl":"/apps","params":{}}
{"level":30,"time":1724684320893,"pid":28218,"hostname":"catdeMacBook-Pro.local","name":"logname","method":"get","originalUrl":"/apps","params":{}}
{"level":30,"time":1724684324819,"pid":28218,"hostname":"catdeMacBook-Pro.local","name":"logname","method":"get","originalUrl":"/apps","params":{}}
{"level":30,"time":1724684324855,"pid":28218,"hostname":"catdeMacBook-Pro.local","name":"logname","method":"get","originalUrl":"/apps","params":{}}
{"level":30,"time":1724684423671,"pid":28218,"hostname":"catdeMacBook-Pro.local","name":"logname","method":"get","originalUrl":"/apps","params":{}}
{"level":30,"time":1724684423698,"pid":28218,"hostname":"catdeMacBook-Pro.local","name":"logname","method":"get","originalUrl":"/apps","params":{}}
{"level":30,"time":1724684433158,"pid":28218,"hostname":"catdeMacBook-Pro.local","name":"logname","method":"get","originalUrl":"/apps","params":{}}
{"level":30,"time":1724684433161,"pid":28218,"hostname":"catdeMacBook-Pro.local","name":"logname","method":"get","originalUrl":"/apps","params":{}}
{"level":30,"time":1724684484245,"pid":28218,"hostname":"catdeMacBook-Pro.local","name":"logname","method":"get","originalUrl":"/apps","params":{}}
{"level":30,"time":1724684484265,"pid":28218,"hostname":"catdeMacBook-Pro.local","name":"logname","method":"get","originalUrl":"/apps","params":{}}
{"level":30,"time":1724684581904,"pid":29197,"hostname":"catdeMacBook-Pro.local","name":"logname","msg":"启动服务"}
{"level":30,"time":1724684863077,"pid":29324,"hostname":"catdeMacBook-Pro.local","name":"logname","msg":"启动服务"}
{"level":30,"time":1724684905998,"pid":29402,"hostname":"catdeMacBook-Pro.local","name":"logname","msg":"启动服务"}
{"level":30,"time":1724684959308,"pid":29497,"hostname":"catdeMacBook-Pro.local","name":"logname","msg":"启动服务"}
{"level":30,"time":1724685153976,"pid":29617,"hostname":"catdeMacBook-Pro.local","name":"logname","msg":"启动服务"}
{"level":30,"time":1724685623146,"pid":29903,"hostname":"catdeMacBook-Pro.local","name":"logname","msg":"启动服务"}
{"level":30,"time":1724685625603,"pid":29972,"hostname":"catdeMacBook-Pro.local","name":"logname","msg":"启动服务"}
{"level":30,"time":1724685636063,"pid":29972,"hostname":"catdeMacBook-Pro.local","name":"logname","method":"delete","originalUrl":"/pages?ulid=01J67JGCFMMEN85E0X88YWHG32","ulid":"01J67JGCFMMEN85E0X88YWHG32"}
{"level":50,"time":1724685641432,"pid":29972,"hostname":"catdeMacBook-Pro.local","name":"logname","method":"","originalUrl":"/apps","session":{"cookie":{"originalMaxAge":null,"expires":null,"httpOnly":true,"path":"/"}},"cookies":{"user":"s:jfWrunLgFhAkiTE7n1ShBlr4cLjpPyXU.6nJQVejg4hDjHL3iLgQEiquom0f/Hv8GBg/skXRRsuo"}}
{"level":50,"time":1724685641442,"pid":29972,"hostname":"catdeMacBook-Pro.local","name":"logname","method":"","originalUrl":"/apps","session":{"cookie":{"originalMaxAge":null,"expires":null,"httpOnly":true,"path":"/"}},"cookies":{"user":"s:jfWrunLgFhAkiTE7n1ShBlr4cLjpPyXU.6nJQVejg4hDjHL3iLgQEiquom0f/Hv8GBg/skXRRsuo"}}
{"level":30,"time":1724685644479,"pid":29972,"hostname":"catdeMacBook-Pro.local","name":"logname","method":"get","originalUrl":"/apps","params":{}}
{"level":30,"time":1724685652846,"pid":29972,"hostname":"catdeMacBook-Pro.local","name":"logname","method":"get","originalUrl":"/apps","params":{}}
{"level":30,"time":1724685652848,"pid":29972,"hostname":"catdeMacBook-Pro.local","name":"logname","method":"get","originalUrl":"/apps","params":{}}
{"level":30,"time":1724685749200,"pid":30095,"hostname":"catdeMacBook-Pro.local","name":"logname","msg":"启动服务"}
{"level":30,"time":1724685756301,"pid":30228,"hostname":"catdeMacBook-Pro.local","name":"logname","msg":"启动服务"}
{"level":50,"time":1724685889486,"pid":30228,"hostname":"catdeMacBook-Pro.local","name":"logname","method":"","originalUrl":"/apps","session":{"cookie":{"originalMaxAge":null,"expires":null,"httpOnly":true,"path":"/"}},"cookies":{"user":"s:Qh8z-plxCIIXtqNv2CvsG7Uecgp6tIFX.1HZbDTVYtxyjeHSPmQOqRrUaH7kbUqLiBhUb2TgRP2Q"}}
{"level":50,"time":1724685889512,"pid":30228,"hostname":"catdeMacBook-Pro.local","name":"logname","method":"","originalUrl":"/apps","session":{"cookie":{"originalMaxAge":null,"expires":null,"httpOnly":true,"path":"/"}},"cookies":{"user":"s:Qh8z-plxCIIXtqNv2CvsG7Uecgp6tIFX.1HZbDTVYtxyjeHSPmQOqRrUaH7kbUqLiBhUb2TgRP2Q"}}
{"level":30,"time":1724685937433,"pid":30228,"hostname":"catdeMacBook-Pro.local","name":"logname","method":"get","originalUrl":"/apps","params":{}}
{"level":30,"time":1724685966406,"pid":30228,"hostname":"catdeMacBook-Pro.local","name":"logname","method":"get","originalUrl":"/apps","params":{}}
{"level":30,"time":1724685966407,"pid":30228,"hostname":"catdeMacBook-Pro.local","name":"logname","method":"get","originalUrl":"/apps","params":{}}
{"level":30,"time":1724686156054,"pid":30228,"hostname":"catdeMacBook-Pro.local","name":"logname","method":"get","originalUrl":"/apps","params":{}}
{"level":30,"time":1724686156063,"pid":30228,"hostname":"catdeMacBook-Pro.local","name":"logname","method":"get","originalUrl":"/apps","params":{}}
{"level":30,"time":1724686165534,"pid":30228,"hostname":"catdeMacBook-Pro.local","name":"logname","method":"get","originalUrl":"/apps","params":{}}
{"level":30,"time":1724686165569,"pid":30228,"hostname":"catdeMacBook-Pro.local","name":"logname","method":"get","originalUrl":"/apps","params":{}}
