{"level":"info","message":"hi","service":"lc-server"}
{"data":{"method":"get","params":{},"path":"/"},"level":"info","ms":1717986928126,"service":"lc-server","timeForHuman":"2024.6.10 10:35:28"}
{"data":{"method":"get","params":{},"path":"/"},"level":"info","ms":1717987209324,"service":"lc-server","timeForHuman":"2024.6.10 10:40:9"}
{"data":{"method":"get","originalUrl":"/apps","params":{}},"level":"info","ms":1717991780697,"service":"lc-server","timeForHuman":"2024.6.10 11:56:20"}
{"data":{"method":"get","originalUrl":"/apps","params":{}},"level":"info","ms":1718029593350,"service":"lc-server","timeForHuman":"2024.6.10 22:26:33"}
{"data":{"code":100000,"originalUrl":"/apps/publish"},"level":"info","ms":1718029638501,"service":"lc-server","timeForHuman":"2024.6.10 22:27:18"}
{"data":{"method":"post","originalUrl":"/apps/publish","params":{"appUlid":"01HZXE7NPM8GCZYB9TWXZVFBNA","fromEnv":"dev","newVersion":31,"remarks":"2qd","toEnv":"test"}},"level":"info","ms":1718030293905,"service":"lc-server","timeForHuman":"2024.6.10 22:38:13"}
{"data":{"code":100000,"originalUrl":"/apps/publish"},"level":"info","ms":1718030293981,"service":"lc-server","timeForHuman":"2024.6.10 22:38:13"}
{"data":{"page_fromEnv_read":["01HZXEN545KYJ1J0H4E5WR266N"]},"level":"info","ms":1718030294377,"service":"lc-server","timeForHuman":"2024.6.10 22:38:14"}
{"data":{"component_toEnv_write":["01HZXEQHT9G4K46ERQARTZH89Y","01HZXEQSG8W0R0AAHDNXH20GDM"]},"level":"info","ms":1718030294395,"service":"lc-server","timeForHuman":"2024.6.10 22:38:14"}
{"data":{"method":"get","originalUrl":"/apps","params":{}},"level":"info","ms":1718030309289,"service":"lc-server","timeForHuman":"2024.6.10 22:38:29"}
{"data":{"method":"post","originalUrl":"/apps/publish","params":{"appUlid":"01HZXE7NPM8GCZYB9TWXZVFBNA","fromEnv":"test","toEnv":"pre"}},"level":"info","ms":1718030327008,"service":"lc-server","timeForHuman":"2024.6.10 22:38:47"}
{"data":{"code":100000,"originalUrl":"/apps/publish"},"level":"info","ms":1718030327063,"service":"lc-server","timeForHuman":"2024.6.10 22:38:47"}
{"data":{"page_fromEnv_read":[]},"level":"info","ms":1718030327135,"service":"lc-server","timeForHuman":"2024.6.10 22:38:47"}
{"data":{"component_toEnv_write":["01HZXEQHT9G4K46ERQARTZH89Y","01HZXEQSG8W0R0AAHDNXH20GDM"]},"level":"info","ms":1718030327141,"service":"lc-server","timeForHuman":"2024.6.10 22:38:47"}
{"data":{"method":"get","originalUrl":"/apps","params":{}},"level":"info","ms":1718109480757,"service":"lc-server","timeForHuman":"2024.6.11 20:38:0"}
{"data":{"code":100144,"originalUrl":"/apps/publish"},"level":"info","ms":1718109486772,"service":"lc-server","timeForHuman":"2024.6.11 20:38:6"}
{"data":{"code":100144,"originalUrl":"/apps/publish"},"level":"info","ms":1718109492265,"service":"lc-server","timeForHuman":"2024.6.11 20:38:12"}
{"data":{"method":"get","originalUrl":"/apps","params":{}},"level":"info","ms":1718109927356,"service":"lc-server","timeForHuman":"2024.6.11 20:45:27"}
{"data":{"method":"post","originalUrl":"/apps/publish","params":{"appUlid":"01HZXE7NPM8GCZYB9TWXZVFBNA","fromEnv":"dev","newVersion":32,"remarks":"2qd","toEnv":"test"}},"level":"info","ms":1718109939855,"service":"lc-server","timeForHuman":"2024.6.11 20:45:39"}
{"data":{"code":100000,"originalUrl":"/apps/publish"},"level":"info","ms":1718109939914,"service":"lc-server","timeForHuman":"2024.6.11 20:45:39"}
{"data":{"component_toEnv_write":["01HZXEQHT9G4K46ERQARTZH89Y","01HZXEQSG8W0R0AAHDNXH20GDM"]},"level":"info","ms":1718109940331,"service":"lc-server","timeForHuman":"2024.6.11 20:45:40"}
{"data":{"page_fromEnv_read":["01HZXEN545KYJ1J0H4E5WR266N"]},"level":"info","ms":1718109940340,"service":"lc-server","timeForHuman":"2024.6.11 20:45:40"}
{"data":{"method":"get","originalUrl":"/apps","params":{}},"level":"info","ms":1718109991470,"service":"lc-server","timeForHuman":"2024.6.11 20:46:31"}
{"data":{"method":"post","originalUrl":"/apps/publish","params":{"appUlid":"01HZXE7NPM8GCZYB9TWXZVFBNA","fromEnv":"test","toEnv":"pre"}},"level":"info","ms":1718110004533,"service":"lc-server","timeForHuman":"2024.6.11 20:46:44"}
{"data":{"code":100000,"originalUrl":"/apps/publish"},"level":"info","ms":1718110004593,"service":"lc-server","timeForHuman":"2024.6.11 20:46:44"}
{"data":{"page_fromEnv_read":["01HZXEN545KYJ1J0H4E5WR266N"]},"level":"info","ms":1718110004672,"service":"lc-server","timeForHuman":"2024.6.11 20:46:44"}
{"data":{"component_toEnv_write":["01HZXEQHT9G4K46ERQARTZH89Y","01HZXEQSG8W0R0AAHDNXH20GDM"]},"level":"info","ms":1718110004675,"service":"lc-server","timeForHuman":"2024.6.11 20:46:44"}
{"data":{"method":"get","originalUrl":"/apps","params":{}},"level":"info","ms":1718110036830,"service":"lc-server","timeForHuman":"2024.6.11 20:47:16"}
{"data":{"method":"get","originalUrl":"/apps","params":{}},"level":"info","ms":1718110070198,"service":"lc-server","timeForHuman":"2024.6.11 20:47:50"}
{"data":{"method":"post","originalUrl":"/apps/publish","params":{"appUlid":"01HZXE7NPM8GCZYB9TWXZVFBNA","fromEnv":"pre","toEnv":"prod"}},"level":"info","ms":1718110074696,"service":"lc-server","timeForHuman":"2024.6.11 20:47:54"}
{"data":{"code":100000,"originalUrl":"/apps/publish"},"level":"info","ms":1718110074754,"service":"lc-server","timeForHuman":"2024.6.11 20:47:54"}
{"data":{"component_toEnv_write":["01HZXEQHT9G4K46ERQARTZH89Y","01HZXEQSG8W0R0AAHDNXH20GDM"]},"level":"info","ms":1718110074814,"service":"lc-server","timeForHuman":"2024.6.11 20:47:54"}
{"data":{"page_fromEnv_read":["01HZXEN545KYJ1J0H4E5WR266N"]},"level":"info","ms":1718110074817,"service":"lc-server","timeForHuman":"2024.6.11 20:47:54"}
{"data":{"method":"get","originalUrl":"/apps","params":{}},"level":"info","ms":1718169229048,"service":"lc-server","timeForHuman":"2024.6.12 13:13:49"}
{"data":{"method":"post","originalUrl":"/apps/publish","params":{"appUlid":"01HZXE7NPM8GCZYB9TWXZVFBNA","fromEnv":"dev","newVersion":33,"remarks":"2qd","toEnv":"test"}},"level":"info","ms":1718169244620,"service":"lc-server","timeForHuman":"2024.6.12 13:14:4"}
{"data":{"code":100000,"originalUrl":"/apps/publish"},"level":"info","ms":1718169246770,"service":"lc-server","timeForHuman":"2024.6.12 13:14:6"}
{"data":{"page_fromEnv_read":["01HZXEN545KYJ1J0H4E5WR266N"]},"level":"info","ms":1718169246795,"service":"lc-server","timeForHuman":"2024.6.12 13:14:6"}
{"data":{"component_toEnv_write":["01HZXEQHT9G4K46ERQARTZH89Y","01HZXEQSG8W0R0AAHDNXH20GDM"]},"level":"info","ms":1718169247111,"service":"lc-server","timeForHuman":"2024.6.12 13:14:7"}
{"data":{"method":"get","originalUrl":"/apps","params":{}},"level":"info","ms":1718169626624,"service":"lc-server","timeForHuman":"2024.6.12 13:20:26"}
{"data":{"method":"post","originalUrl":"/apps/publish","params":{"appUlid":"01HZXE7NPM8GCZYB9TWXZVFBNA","fromEnv":"dev","newVersion":34,"remarks":"2qd","toEnv":"test"}},"level":"info","ms":1718169642785,"service":"lc-server","timeForHuman":"2024.6.12 13:20:42"}
{"data":{"page_fromEnv_read":["01HZXEN545KYJ1J0H4E5WR266N"]},"level":"info","ms":1718169646311,"service":"lc-server","timeForHuman":"2024.6.12 13:20:46"}
{"data":{"code":100000,"originalUrl":"/apps/publish"},"level":"info","ms":1718169647022,"service":"lc-server","timeForHuman":"2024.6.12 13:20:47"}
{"data":{"component_toEnv_write":["01HZXEQHT9G4K46ERQARTZH89Y","01HZXEQSG8W0R0AAHDNXH20GDM"]},"level":"info","ms":1718169647724,"service":"lc-server","timeForHuman":"2024.6.12 13:20:47"}
{"data":{"method":"post","originalUrl":"/apps/publish","params":{"appUlid":"01HZXE7NPM8GCZYB9TWXZVFBNA","fromEnv":"dev","newVersion":35,"remarks":"2qd","toEnv":"test"}},"level":"info","ms":1718169657923,"service":"lc-server","timeForHuman":"2024.6.12 13:20:57"}
{"data":{"component_toEnv_write":["01HZXEQHT9G4K46ERQARTZH89Y","01HZXEQSG8W0R0AAHDNXH20GDM"]},"level":"info","ms":1718169659523,"service":"lc-server","timeForHuman":"2024.6.12 13:20:59"}
{"data":{"page_fromEnv_read":["01HZXEN545KYJ1J0H4E5WR266N"]},"level":"info","ms":1718169659528,"service":"lc-server","timeForHuman":"2024.6.12 13:20:59"}
{"data":{"code":100000,"originalUrl":"/apps/publish"},"level":"info","ms":1718169663072,"service":"lc-server","timeForHuman":"2024.6.12 13:21:3"}
{"data":{"method":"get","originalUrl":"/apps","params":{}},"level":"info","ms":1718169746081,"service":"lc-server","timeForHuman":"2024.6.12 13:22:26"}
{"data":{"method":"post","originalUrl":"/apps/publish","params":{"appUlid":"01HZXE7NPM8GCZYB9TWXZVFBNA","fromEnv":"dev","newVersion":36,"remarks":"2qd","toEnv":"test"}},"level":"info","ms":1718169752890,"service":"lc-server","timeForHuman":"2024.6.12 13:22:32"}
{"data":{"component_toEnv_write":["01HZXEQHT9G4K46ERQARTZH89Y","01HZXEQSG8W0R0AAHDNXH20GDM"]},"level":"info","ms":1718169753231,"service":"lc-server","timeForHuman":"2024.6.12 13:22:33"}
{"data":{"page_fromEnv_read":["01HZXEN545KYJ1J0H4E5WR266N"]},"level":"info","ms":1718169754723,"service":"lc-server","timeForHuman":"2024.6.12 13:22:34"}
